431 31
111 31
831 31
751263 31
199999 31
120703 31
22191 31
6510 46
94 46
829 301
301 829 92 46 31
92 42 301 46
314 42
92810 42
61610 42
138 42
1610 42
42 1610 138 61610 92810 314 92
214 90214
831110 90214
90214 831110 214 50101 404
213 50101
50101 213 404 2099 90214
404 2099 1218 50101 90214
419 2099
211 2099
67 2099
835 2099
2099 835 67 211 419 1218 65 404 50101
210 1218
13810 1218
161010 1218
13122 1218
66 1218
1218 66 13122 161010 13810 210 65 1024 2099 404
417 65
161 65
65 161 417 1024 31 1218 2099
46 1024 94 6510 301 92 31
31 1024 65 22191 120703 199999 751263 831 111 431 46 301
416 1024
352 1024
336 1024
112 1024
1920 1024
26496 1024
14512 1024
928 1024
688 1024
1024 688 928 14512 26496 1920 112 336 352 416 31 46 65 1218
